{"/Users/Vilizar/Desktop/GITHUB PROJECTS/CineVault/src/components/Header.jsx": {"path":"/Users/Vilizar/Desktop/GITHUB PROJECTS/CineVault/src/components/Header.jsx","statementMap":{"0":{"start":{"line":4,"column":15},"end":{"line":43,"column":null}},"1":{"start":{"line":5,"column":2},"end":{"line":41,"column":null}},"2":{"start":{"line":12,"column":12},"end":{"line":12,"column":null}},"3":{"start":{"line":13,"column":12},"end":{"line":13,"column":null}},"4":{"start":{"line":22,"column":12},"end":{"line":22,"column":null}},"5":{"start":{"line":23,"column":12},"end":{"line":23,"column":null}},"6":{"start":{"line":33,"column":12},"end":{"line":33,"column":null}},"7":{"start":{"line":34,"column":12},"end":{"line":34,"column":null}}},"fnMap":{"0":{"name":"(anonymous_0)","decl":{"start":{"line":4,"column":15},"end":{"line":4,"column":16}},"loc":{"start":{"line":4,"column":46},"end":{"line":43,"column":null}},"line":4},"1":{"name":"(anonymous_1)","decl":{"start":{"line":11,"column":19},"end":{"line":11,"column":20}},"loc":{"start":{"line":11,"column":26},"end":{"line":14,"column":null}},"line":11},"2":{"name":"(anonymous_2)","decl":{"start":{"line":21,"column":19},"end":{"line":21,"column":20}},"loc":{"start":{"line":21,"column":26},"end":{"line":24,"column":null}},"line":21},"3":{"name":"(anonymous_3)","decl":{"start":{"line":32,"column":19},"end":{"line":32,"column":20}},"loc":{"start":{"line":32,"column":26},"end":{"line":35,"column":null}},"line":32}},"branchMap":{"0":{"loc":{"start":{"line":15,"column":21},"end":{"line":15,"column":null}},"type":"cond-expr","locations":[{"start":{"line":15,"column":46},"end":{"line":15,"column":57}},{"start":{"line":15,"column":57},"end":{"line":15,"column":null}}],"line":15},"1":{"loc":{"start":{"line":25,"column":21},"end":{"line":25,"column":null}},"type":"cond-expr","locations":[{"start":{"line":25,"column":48},"end":{"line":25,"column":59}},{"start":{"line":25,"column":59},"end":{"line":25,"column":null}}],"line":25},"2":{"loc":{"start":{"line":36,"column":21},"end":{"line":36,"column":null}},"type":"cond-expr","locations":[{"start":{"line":36,"column":47},"end":{"line":36,"column":58}},{"start":{"line":36,"column":58},"end":{"line":36,"column":null}}],"line":36}},"s":{"0":1,"1":9,"2":0,"3":0,"4":1,"5":1,"6":1,"7":1},"f":{"0":9,"1":0,"2":1,"3":1},"b":{"0":[2,7],"1":[2,7],"2":[2,7]},"meta":{"lastBranch":3,"lastFunction":4,"lastStatement":8,"seen":{"s:4:15:43:Infinity":0,"f:4:15:4:16":0,"s:5:2:41:Infinity":1,"f:11:19:11:20":1,"s:12:12:12:Infinity":2,"s:13:12:13:Infinity":3,"b:15:46:15:57:15:57:15:Infinity":0,"f:21:19:21:20":2,"s:22:12:22:Infinity":4,"s:23:12:23:Infinity":5,"b:25:48:25:59:25:59:25:Infinity":1,"f:32:19:32:20":3,"s:33:12:33:Infinity":6,"s:34:12:34:Infinity":7,"b:36:47:36:58:36:58:36:Infinity":2}}}
,"/Users/Vilizar/Desktop/GITHUB PROJECTS/CineVault/src/components/header.css": {"path":"/Users/Vilizar/Desktop/GITHUB PROJECTS/CineVault/src/components/header.css","statementMap":{},"fnMap":{},"branchMap":{},"s":{},"f":{},"b":{},"meta":{"lastBranch":0,"lastFunction":0,"lastStatement":0,"seen":{}}}
}
